{
  "RSpec": {
    "coverage": {
      "/Users/marcus/projects/revision/chitter/app/app.rb": [
        1,
        null,
        1,
        1,
        1,
        1,
        1,
        null,
        1,
        1,
        1,
        1,
        1,
        1
      ],
      "/Users/marcus/projects/revision/chitter/app/data_mapper_setup.rb": [
        1,
        1,
        null,
        1,
        1,
        1,
        null,
        1,
        1
      ],
      "/Users/marcus/projects/revision/chitter/app/models/user.rb": [
        1,
        1,
        null,
        1,
        null,
        1,
        null,
        1,
        null,
        1,
        1,
        1,
        1,
        1,
        1,
        1,
        null,
        1,
        38,
        38,
        null,
        null,
        1,
        1,
        1,
        null,
        1,
        8,
        8,
        4,
        null,
        null,
        null,
        1,
        12,
        12,
        12,
        null,
        null,
        1,
        10,
        10,
        8,
        null,
        null,
        null,
        null
      ],
      "/Users/marcus/projects/revision/chitter/app/models/peep.rb": [
        1,
        null,
        1,
        null,
        1,
        null,
        1,
        1,
        1,
        null,
        1,
        null,
        null
      ],
      "/Users/marcus/projects/revision/chitter/app/models/reply.rb": [
        1,
        1,
        null,
        1,
        1,
        1,
        null,
        1,
        1,
        null,
        null
      ],
      "/Users/marcus/projects/revision/chitter/app/server.rb": [
        1,
        null,
        1,
        1,
        1,
        1,
        1,
        null,
        1,
        null,
        1,
        1,
        311,
        null,
        null,
        null,
        null
      ],
      "/Users/marcus/projects/revision/chitter/app/controllers/peeps.rb": [
        1,
        null,
        1,
        56,
        56,
        56,
        null,
        null,
        1,
        11,
        10,
        null,
        1,
        1,
        null,
        null,
        null,
        1,
        7,
        7,
        null,
        null,
        1,
        0,
        0,
        null,
        null,
        1,
        1,
        1,
        null,
        null,
        1,
        1,
        null,
        null,
        null,
        null,
        1,
        1,
        null,
        null,
        null
      ],
      "/Users/marcus/projects/revision/chitter/app/controllers/sessions.rb": [
        1,
        null,
        1,
        0,
        null,
        null,
        1,
        9,
        null,
        null,
        1,
        6,
        6,
        3,
        3,
        null,
        3,
        3,
        null,
        null,
        null,
        1,
        4,
        4,
        4,
        null,
        null,
        null
      ],
      "/Users/marcus/projects/revision/chitter/app/controllers/users.rb": [
        1,
        null,
        1,
        25,
        25,
        null,
        null,
        1,
        25,
        null,
        null,
        null,
        null,
        25,
        18,
        18,
        null,
        7,
        7,
        null,
        null,
        null,
        1,
        9,
        null,
        null,
        1,
        8,
        8,
        8,
        8,
        8,
        null,
        null,
        null,
        1,
        5,
        5,
        4,
        null,
        1,
        null,
        null,
        null,
        1,
        3,
        3,
        2,
        null,
        1,
        1,
        null,
        null,
        null,
        null
      ],
      "/Users/marcus/projects/revision/chitter/lib/send_recovery_link.rb": [
        1,
        null,
        1,
        null,
        1,
        1,
        null,
        null,
        1,
        1,
        null,
        null,
        1,
        1,
        null,
        null,
        null,
        null,
        null,
        null,
        null,
        1,
        1,
        null,
        null
      ],
      "/Users/marcus/projects/revision/chitter/spec/helpers/session.rb": [
        1,
        null,
        1,
        null,
        null,
        null,
        null,
        null,
        24,
        24,
        24,
        24,
        24,
        24,
        24,
        24,
        null,
        null,
        1,
        null,
        null,
        null,
        null,
        null,
        1,
        1,
        1,
        1,
        1,
        1,
        1,
        1,
        null,
        null,
        1,
        null,
        6,
        6,
        6,
        6,
        null,
        null,
        1,
        null,
        0,
        0,
        0,
        0,
        null,
        null,
        1,
        4,
        4,
        4,
        null,
        null,
        1,
        0,
        0,
        0,
        null,
        null,
        null,
        null
      ],
      "/Users/marcus/projects/revision/chitter/spec/features/create_peep_spec.rb": [
        1,
        1,
        1,
        1,
        1,
        1,
        1,
        null,
        null,
        null,
        1,
        1,
        1,
        1,
        null,
        null,
        null
      ],
      "/Users/marcus/projects/revision/chitter/spec/features/password_reset_spec.rb": [
        1,
        null,
        1,
        9,
        9,
        9,
        null,
        null,
        7,
        null,
        1,
        1,
        1,
        1,
        null,
        null,
        1,
        1,
        1,
        null,
        null,
        1,
        4,
        null,
        null,
        1,
        1,
        1,
        1,
        1,
        null,
        null,
        null,
        1,
        1,
        1,
        1,
        null,
        null,
        1,
        1,
        1,
        1,
        1,
        1,
        1,
        null,
        null,
        null,
        1,
        1,
        1,
        1,
        1,
        1,
        1,
        1,
        null,
        null,
        1,
        1,
        1,
        1,
        1,
        1,
        1,
        null,
        null,
        1,
        1,
        1,
        null,
        null,
        1,
        8,
        8,
        8,
        null,
        null,
        null
      ],
      "/Users/marcus/projects/revision/chitter/spec/features/replying_to_peeps_spec.rb": [
        1,
        null,
        1,
        1,
        1,
        1,
        null,
        null,
        1,
        1,
        1,
        1,
        1,
        1,
        1,
        0,
        0,
        null,
        null
      ],
      "/Users/marcus/projects/revision/chitter/spec/features/sign_in_spec.rb": [
        1,
        null,
        1,
        3,
        null,
        null,
        null,
        null,
        null,
        null,
        1,
        1,
        1,
        null,
        null,
        1,
        1,
        1,
        null,
        null,
        1,
        1,
        1,
        null,
        null,
        1,
        1,
        1,
        null,
        null,
        null
      ],
      "/Users/marcus/projects/revision/chitter/spec/features/sign_out_spec.rb": [
        1,
        null,
        1,
        1,
        null,
        null,
        null,
        null,
        null,
        null,
        1,
        1,
        1,
        1,
        1,
        null,
        null
      ],
      "/Users/marcus/projects/revision/chitter/spec/features/sign_up_spec.rb": [
        1,
        1,
        2,
        1,
        1,
        null,
        null,
        1,
        2,
        null,
        null,
        1,
        2,
        null,
        null,
        1,
        2,
        null,
        null,
        1,
        2,
        1,
        1,
        null,
        null,
        1,
        2,
        1,
        null,
        null,
        1,
        1,
        1,
        2,
        1,
        null,
        null,
        1,
        1,
        1,
        2,
        1,
        null,
        null,
        null
      ],
      "/Users/marcus/projects/revision/chitter/spec/features/view_peeps_spec.rb": [
        1,
        1,
        1,
        1,
        1,
        1,
        null,
        null,
        null,
        1,
        1,
        1,
        1,
        3,
        3,
        3,
        null,
        1,
        1,
        null,
        null,
        null,
        null,
        null,
        null,
        1,
        1,
        1,
        1,
        1,
        1,
        null,
        null,
        null,
        null
      ],
      "/Users/marcus/projects/revision/chitter/spec/send_recovery_link_spec.rb": [
        1,
        null,
        2,
        2,
        2,
        null,
        1,
        1,
        null,
        null,
        null,
        1,
        1,
        null,
        null
      ],
      "/Users/marcus/projects/revision/chitter/spec/user_spec.rb": [
        1,
        null,
        1,
        6,
        null,
        null,
        null,
        null,
        null,
        null,
        1,
        1,
        1,
        null,
        null,
        1,
        1,
        null,
        null,
        1,
        4,
        null,
        null,
        1,
        1,
        1,
        1,
        null,
        null,
        null,
        1,
        1,
        1,
        null,
        null,
        1,
        1,
        1,
        1,
        null,
        null,
        null,
        null
      ]
    },
    "timestamp": 1456326977
  }
}
